FMOD: SystemI::init                  : FMOD Ex Version: 00041502
FMOD: SystemI::init                  : maxchannels = 50, flags = 00000000, extradriverdata = 00000000
FMOD: SystemI::close                 : 
FMOD: SystemI::close                 : Remove all user channel groups.
FMOD: SystemI::close                 : Remove miscllaneous DSP stuff.
FMOD: SystemI::close                 : done.

FMOD: OutputWASAPI::enumerate        : Enumerating...
FMOD: OutputWASAPI::enumerate        : CoInitialize.
FMOD: OutputWASAPI::enumerate        : Found Driver: "Speakers / HP (IDT High Definition Audio CODEC)".
FMOD: OutputWASAPI::enumerate        : Found Driver: "Digital Output Device (HDMI Out) (IDT High Definition Audio CODEC)".
FMOD: OutputWASAPI::enumerate        : Found Driver: "Headphones (RTC) (IDT High Definition Audio CODEC)".
FMOD: OutputWASAPI::enumerate        : Found Driver: "Line In (IDT High Definition Audio CODEC)".
FMOD: OutputWASAPI::enumerate        : Found Driver: "Rec. Playback (IDT High Definition Audio CODEC)".
FMOD: OutputWASAPI::enumerate        : Found Driver: "Microphone (IDT High Definition Audio CODEC)".
FMOD: OutputWASAPI::enumerate        : Found Driver: "Integrated Microphone Array (IDT High Definition Audio CODEC)".
FMOD: OutputWASAPI::enumerate        : Done.
FMOD: OutputWASAPI::initEx           : Initialising...
FMOD: OutputWASAPI::initEx           : Forcing output channels to match Windows mix format: 2 channel(s)
FMOD: OutputWASAPI::initEx           : Done.
FMOD: SystemI::init                  : Set up software engine
FMOD: SystemI::init                  : Set up emulated output
FMOD: SystemI::init                  : create the channel pool
FMOD: SystemI::init                  : Set up streamer
FMOD: Thread::initThread             : Initializing FMOD stream thread.  priority 2
FMOD: Thread::initThread             : - Stacksize 49152.  Stack pointer 00000000 : usesemaphore = 0 : sleeptime = 10
FMOD: Thread::callback               : * FMOD stream thread started
FMOD: Thread::initThread             : done.
FMOD: SystemI::init                  : done

FMOD: OutputTimer::timerFunc         : Mixer thread set to 'Pro Audio' characteristic
FMOD: SystemI::createSoundInternal   : filename = resource/light_saber.wav : mode 00000000
FMOD: SystemI::createSoundInternal   : 19 codecs found.  Scan all until one succeeds
FMOD: CodecTag::openInternal         : attempting to open ID3 or ASF tags..
FMOD: Codec::release                 : 
FMOD: Plugin::release                : (03165680)
FMOD: Plugin::release                : done
FMOD: Codec::release                 : 
FMOD: CodecCDDA::openInternal        : attempting to open as CDDA..
FMOD: Codec::release                 : 
FMOD: Plugin::release                : (03165680)
FMOD: Plugin::release                : done
FMOD: Codec::release                 : 
FMOD: CodecFSB::openInternal         : attempting to open as FSB..
FMOD: CodecFSB::openInternal         : Header check failed.  Not an FSB
FMOD: Codec::release                 : 
FMOD: CodecFSB::closeInternal        : 
FMOD: CodecFSB::closeInternal        : done
FMOD: Plugin::release                : (03165680)
FMOD: Plugin::release                : done
FMOD: Codec::release                 : 
FMOD: CodecVAG::openInternal         : attempting to open as VAG..
FMOD: CodecVAG::openInternal         : 'VAG' ID check failed [RIF]
FMOD: Codec::release                 : 
FMOD: Plugin::release                : (03165680)
FMOD: Plugin::release                : done
FMOD: Codec::release                 : 
FMOD: CodecWav::openInternal         : attempting to open as WAV..
FMOD: CodecWav::parseRIFF            : chunk : id fmt  size 30
FMOD: CodecWav::parseRIFF            : offset = 42 / 4742
FMOD: CodecWav::parseRIFF            : chunk : id fact size 4
FMOD: CodecWav::parseRIFF            : offset = 54 / 4742
FMOD: CodecWav::parseRIFF            : chunk : id data size 4680
FMOD: CodecWav::parseRIFF            : offset = 4742 / 4742
FMOD: CodecWav::openInternal         : mSrcFormat->wFormatTag = 85
FMOD: CodecWav::openInternal         : mSrcFormat->nChannels = 1
FMOD: CodecWav::openInternal         : mSrcFormat->nSamplesPerSec = 22050
FMOD: CodecWav::openInternal         : mSrcFormat->nAvgBytesPerSec = 3000
FMOD: CodecWav::openInternal         : mSrcFormat->nBlockAlign = 1
FMOD: CodecWav::openInternal         : mSrcFormat->wBitsPerSample = 0
FMOD: CodecWav::openInternal         : mSrcFormat->cbSize = 12
FMOD: Codec::release                 : 
FMOD: Plugin::release                : (03165680)
FMOD: Plugin::release                : done
FMOD: Codec::release                 : 
FMOD: CodecOggVorbis::openInternal   : attempting to open as OGG..
FMOD: CodecWav::parseRIFF            : chunk : id fmt  size 30
FMOD: CodecWav::parseRIFF            : offset = 42 / 4742
FMOD: CodecWav::parseRIFF            : chunk : id fact size 4
FMOD: CodecWav::parseRIFF            : offset = 54 / 4742
FMOD: CodecWav::parseRIFF            : chunk : id data size 4680
FMOD: CodecWav::parseRIFF            : offset = 4742 / 4742
FMOD: CodecOggVorbis::openInternal   : failed to open as ogg
FMOD: Codec::release                 : 
FMOD: Plugin::release                : (03165680)
FMOD: Plugin::release                : done
FMOD: Codec::release                 : 
FMOD: CodecAIFF::openInternal        : attempting to open as AIFF..
FMOD: Codec::release                 : 
FMOD: Plugin::release                : (03165680)
FMOD: Plugin::release                : done
FMOD: Codec::release                 : 
FMOD: CodecFLAC::openInternal        : attempting to open as FLAC..
FMOD: Codec::release                 : 
FMOD: Plugin::release                : (03165680)
FMOD: Plugin::release                : done
FMOD: Codec::release                 : 
FMOD: CodecMOD::openInternal         : attempting to open as MOD..
FMOD: CodecMOD::openInternal         : 'M.K.' etc ID check failed [NQWñ]
FMOD: Codec::release                 : 
FMOD: MusicSong::stop                : 
FMOD: MusicSong::stop                : done
FMOD: Plugin::release                : (03165680)
FMOD: Plugin::release                : done
FMOD: Codec::release                 : 
FMOD: CodecS3M::openInternal         : attempting to open as S3M..
FMOD: CodecS3M::openInternal         : 'SCRM' ID check failed [NFMOD: Codec::release                 : 
FMOD: MusicSong::stop                : 
FMOD: MusicSong::stop                : done
FMOD: Plugin::release                : (03165680)
FMOD: Plugin::release                : done
FMOD: Codec::release                 : 
FMOD: CodecXM::openInternal          : attempting to open as XM..
FMOD: CodecXM::openInternal          : 'Extended Module: ' ID check failed [RIFF]
FMOD: Codec::release                 : 
FMOD: MusicSong::stop                : 
FMOD: MusicSong::stop                : done
FMOD: Plugin::release                : (03165680)
FMOD: Plugin::release                : done
FMOD: Codec::release                 : 
FMOD: CodecIT::openInternal          : attempting to open as IT..
FMOD: CodecIT::openInternal          : 'IMPM' etc ID check failed [RIFF]
FMOD: Codec::release                 : 
FMOD: MusicSong::stop                : 
FMOD: MusicSong::stop                : done
FMOD: Plugin::release                : (03165680)
FMOD: Plugin::release                : done
FMOD: Codec::release                 : 
FMOD: CodecMIDI::openInternal        : attempting to open as MIDI..
FMOD: CodecMIDI::openInternal        : 'HThd' ID check failed [RIFF]
FMOD: Codec::release                 : 
FMOD: Plugin::release                : (03165680)
FMOD: Plugin::release                : done
FMOD: Codec::release                 : 
FMOD: CodecDLS::openInternal         : attempting to open as DLS..
FMOD: Codec::release                 : 
FMOD: Plugin::release                : (03165680)
FMOD: Plugin::release                : done
FMOD: Codec::release                 : 
FMOD: CodecASF::openInternal         : attempting to open as ASF..
FMOD: Codec::release                 : 
FMOD: Plugin::release                : (03165680)
FMOD: Plugin::release                : done
FMOD: Codec::release                 : 
FMOD: CodecPlaylist::openInternal    : attempting to open playlist file
FMOD: Codec::release                 : 
FMOD: Plugin::release                : (03165680)
FMOD: Plugin::release                : done
FMOD: Codec::release                 : 
FMOD: CodecMPEG::openInternal        : attempting to open as MPEG..
FMOD: CodecWav::parseRIFF            : chunk : id fmt  size 30
FMOD: CodecWav::parseRIFF            : offset = 42 / 4742
FMOD: CodecWav::parseRIFF            : chunk : id fact size 4
FMOD: CodecWav::parseRIFF            : offset = 54 / 4742
FMOD: CodecWav::parseRIFF            : chunk : id data size 4680
FMOD: CodecWav::parseRIFF            : offset = 4742 / 4742
FMOD: SystemI::createSoundInternal   : Format has 0 subsounds.
FMOD: SystemI::createSoundInternal   : Create as FMOD_CREATESAMPLE
FMOD: SystemI::createSoundInternal   : creating subsound 0/0
FMOD: SystemI::createSample          : mode 00000040 length 35136 samples, lengthbytes 4680
FMOD: SystemI::createSample          : subsamples = 1, channels = 1
FMOD: SystemI::createSample          : subsample 0.  output = 00686E30
FMOD: SystemI::createSample          : mSoftware = 00686E30
FMOD: OutputSoftware::createSample   : lengthpcm 35136, lengthbytes 4680, channels 1, format 2, mode 00000049
FMOD: OutputSoftware::createSample   : done
FMOD: SystemI::createSample          : done
FMOD: SystemI::createSoundInternal   : No name found in file, use filename.
FMOD: SystemI::createSoundInternal   : done.  OpenState now = FMOD_OPENSTATE_READY. 94844 bytes used

FMOD: SystemI::createSoundInternal   : filename = resource/12 End of Line.mp3 : mode 00000002
FMOD: SystemI::createSoundInternal   : 19 codecs found.  Scan all until one succeeds
FMOD: CodecTag::openInternal         : attempting to open ID3 or ASF tags..
FMOD: Codec::release                 : 
FMOD: Plugin::release                : (0316B758)
FMOD: Plugin::release                : done
FMOD: Codec::release                 : 
FMOD: CodecCDDA::openInternal        : attempting to open as CDDA..
FMOD: Codec::release                 : 
FMOD: Plugin::release                : (0316CC90)
FMOD: Plugin::release                : done
FMOD: Codec::release                 : 
FMOD: CodecFSB::openInternal         : attempting to open as FSB..
FMOD: CodecFSB::openInternal         : Header check failed.  Not an FSB
FMOD: Codec::release                 : 
FMOD: CodecFSB::closeInternal        : 
FMOD: CodecFSB::closeInternal        : done
FMOD: Plugin::release                : (0316CC90)
FMOD: Plugin::release                : done
FMOD: Codec::release                 : 
FMOD: CodecVAG::openInternal         : attempting to open as VAG..
FMOD: CodecVAG::openInternal         : 'VAG' ID check failed [ˇ˚ê]
FMOD: Codec::release                 : 
FMOD: Plugin::release                : (0316CC90)
FMOD: Plugin::release                : done
FMOD: Codec::release                 : 
FMOD: CodecWav::openInternal         : attempting to open as WAV..
FMOD: Codec::release                 : 
FMOD: Plugin::release                : (0316CC90)
FMOD: Plugin::release                : done
FMOD: Codec::release                 : 
FMOD: CodecOggVorbis::openInternal   : attempting to open as OGG..
FMOD: CodecOggVorbis::openInternal   : failed to open as ogg
FMOD: Codec::release                 : 
FMOD: Plugin::release                : (0316CC90)
FMOD: Plugin::release                : done
FMOD: Codec::release                 : 
FMOD: CodecAIFF::openInternal        : attempting to open as AIFF..
FMOD: Codec::release                 : 
FMOD: Plugin::release                : (0316CC90)
FMOD: Plugin::release                : done
FMOD: Codec::release                 : 
FMOD: CodecFLAC::openInternal        : attempting to open as FLAC..
FMOD: Codec::release                 : 
FMOD: Plugin::release                : (0316CC90)
FMOD: Plugin::release                : done
FMOD: Codec::release                 : 
FMOD: CodecMOD::openInternal         : attempting to open as MOD..
FMOD: CodecMOD::openInternal         : 'M.K.' etc ID check failed [;_¥ò]
FMOD: Codec::release                 : 
FMOD: MusicSong::stop                : 
FMOD: MusicSong::stop                : done
FMOD: Plugin::release                : (0316CC90)
FMOD: Plugin::release                : done
FMOD: Codec::release                 : 
FMOD: CodecS3M::openInternal         : attempting to open as S3M..
FMOD: CodecS3M::openInternal         : 'SCRM' ID check failed [FMOD: Codec::release                 : 
FMOD: MusicSong::stop                : 
FMOD: MusicSong::stop                : done
FMOD: Plugin::release                : (0316CC90)
FMOD: Plugin::release                : done
FMOD: Codec::release                 : 
FMOD: CodecXM::openInternal          : attempting to open as XM..
FMOD: CodecXM::openInternal          : 'Extended Module: ' ID check failed [ˇ˚êd]
FMOD: Codec::release                 : 
FMOD: MusicSong::stop                : 
FMOD: MusicSong::stop                : done
FMOD: Plugin::release                : (0316CC90)
FMOD: Plugin::release                : done
FMOD: Codec::release                 : 
FMOD: CodecIT::openInternal          : attempting to open as IT..
FMOD: CodecIT::openInternal          : 'IMPM' etc ID check failed [ˇ˚êd]
FMOD: Codec::release                 : 
FMOD: MusicSong::stop                : 
FMOD: MusicSong::stop                : done
FMOD: Plugin::release                : (0316CC90)
FMOD: Plugin::release                : done
FMOD: Codec::release                 : 
FMOD: CodecMIDI::openInternal        : attempting to open as MIDI..
FMOD: CodecMIDI::openInternal        : 'HThd' ID check failed [ˇ˚êd]
FMOD: Codec::release                 : 
FMOD: Plugin::release                : (0316CC90)
FMOD: Plugin::release                : done
FMOD: Codec::release                 : 
FMOD: CodecDLS::openInternal         : attempting to open as DLS..
FMOD: Codec::release                 : 
FMOD: Plugin::release                : (0316CC90)
FMOD: Plugin::release                : done
FMOD: Codec::release                 : 
FMOD: CodecASF::openInternal         : attempting to open as ASF..
FMOD: Codec::release                 : 
FMOD: Plugin::release                : (0316CC90)
FMOD: Plugin::release                : done
FMOD: Codec::release                 : 
FMOD: CodecPlaylist::openInternal    : attempting to open playlist file
FMOD: Codec::release                 : 
FMOD: Plugin::release                : (0316CC90)
FMOD: Plugin::release                : done
FMOD: Codec::release                 : 
FMOD: CodecMPEG::openInternal        : attempting to open as MPEG..
FMOD: SystemI::createSoundInternal   : Format has 0 subsounds.
FMOD: SystemI::createSoundInternal   : Create as FMOD_CREATESAMPLE
FMOD: SystemI::createSoundInternal   : creating subsound 0/0
FMOD: SystemI::createSample          : mode 00000042 length 6903936 samples, lengthbytes 4193836
FMOD: SystemI::createSample          : subsamples = 1, channels = 2
FMOD: SystemI::createSample          : subsample 0.  output = 00686E30
FMOD: SystemI::createSample          : mSoftware = 00686E30
FMOD: OutputSoftware::createSample   : lengthpcm 6903936, lengthbytes 4193836, channels 2, format 2, mode 0000004a
FMOD: OutputSoftware::createSample   : done
FMOD: SystemI::createSample          : done
FMOD: SystemI::createSoundInternal   : No name found in file, use filename.
FMOD: SystemI::createSoundInternal   : done.  OpenState now = FMOD_OPENSTATE_READY. 27642164 bytes used

FMOD: SoundI::release                : light_saber.wav (0316B4B0)
FMOD: SoundI::release                : release codec. (0316B4B0)
FMOD: Codec::release                 : 
FMOD: Plugin::release                : (03165680)
FMOD: Plugin::release                : done
FMOD: Codec::release                 : 
FMOD: SoundI::release                : free this. (0316B4B0)
FMOD: SoundI::release                : done (0316B4B0)
FMOD: SoundI::release                : End of Line                    (03172AC0)
FMOD: SoundI::release                : release codec. (03172AC0)
FMOD: Codec::release                 : 
FMOD: Plugin::release                : (0316CC90)
FMOD: Plugin::release                : done
FMOD: Codec::release                 : 
FMOD: SoundI::release                : free this. (03172AC0)
FMOD: SoundI::release                : done (03172AC0)
FMOD: SystemI::createSoundInternal   : filename = resource/Sound/levels.mp3 : mode 00000000
FMOD: OutputWASAPI::getPosition      : Starvation detected in WASAPI output buffer!
